2024-06-03 10:31:07,432 INFO supervisord started with pid 5444
2024-06-03 10:31:08,445 INFO spawned: 'api' with pid 5447
2024-06-03 10:31:08,453 INFO spawned: 'crawler' with pid 5448
2024-06-03 10:31:08,461 INFO spawned: 'embedder' with pid 5449
2024-06-03 10:31:08,467 INFO spawned: 'frontend' with pid 5450
2024-06-03 10:31:09,918 INFO success: api entered RUNNING state, process has stayed up for > than 1 seconds (startsecs)
2024-06-03 10:31:09,918 INFO success: crawler entered RUNNING state, process has stayed up for > than 1 seconds (startsecs)
2024-06-03 10:31:09,918 INFO success: embedder entered RUNNING state, process has stayed up for > than 1 seconds (startsecs)
2024-06-03 10:31:09,918 INFO success: frontend entered RUNNING state, process has stayed up for > than 1 seconds (startsecs)
2024-06-03 10:38:17,705 WARN received SIGINT indicating exit request
2024-06-03 10:38:17,706 INFO waiting for api, crawler, embedder, frontend to die
2024-06-03 10:38:17,721 INFO stopped: frontend (exit status 0)
2024-06-03 10:38:17,731 WARN stopped: embedder (terminated by SIGTERM)
2024-06-03 10:38:18,732 WARN stopped: crawler (terminated by SIGTERM)
2024-06-03 10:38:19,367 INFO stopped: api (exit status 0)
2024-06-03 10:38:20,747 INFO supervisord started with pid 6935
2024-06-03 10:38:21,756 INFO spawned: 'api' with pid 6938
2024-06-03 10:38:21,762 INFO spawned: 'crawler' with pid 6939
2024-06-03 10:38:21,768 INFO spawned: 'embedder' with pid 6940
2024-06-03 10:38:21,774 INFO spawned: 'frontend' with pid 6941
2024-06-03 10:38:23,304 INFO success: api entered RUNNING state, process has stayed up for > than 1 seconds (startsecs)
2024-06-03 10:38:23,305 INFO success: crawler entered RUNNING state, process has stayed up for > than 1 seconds (startsecs)
2024-06-03 10:38:23,305 INFO success: embedder entered RUNNING state, process has stayed up for > than 1 seconds (startsecs)
2024-06-03 10:38:23,305 INFO success: frontend entered RUNNING state, process has stayed up for > than 1 seconds (startsecs)
2024-06-03 10:38:40,331 WARN received SIGINT indicating exit request
2024-06-03 10:38:40,332 INFO waiting for api, crawler, embedder, frontend to die
2024-06-03 10:38:40,348 INFO stopped: frontend (exit status 0)
2024-06-03 10:38:40,357 WARN stopped: embedder (terminated by SIGTERM)
2024-06-03 10:38:40,367 WARN stopped: crawler (terminated by SIGTERM)
2024-06-03 10:38:40,901 INFO stopped: api (exit status 0)
2024-06-03 10:39:36,531 INFO supervisord started with pid 7028
2024-06-03 10:39:37,538 INFO spawned: 'api' with pid 7031
2024-06-03 10:39:37,543 INFO spawned: 'crawler' with pid 7032
2024-06-03 10:39:37,549 INFO spawned: 'embedder' with pid 7033
2024-06-03 10:39:37,556 INFO spawned: 'frontend' with pid 7034
2024-06-03 10:39:39,046 INFO success: api entered RUNNING state, process has stayed up for > than 1 seconds (startsecs)
2024-06-03 10:39:39,046 INFO success: crawler entered RUNNING state, process has stayed up for > than 1 seconds (startsecs)
2024-06-03 10:39:39,046 INFO success: embedder entered RUNNING state, process has stayed up for > than 1 seconds (startsecs)
2024-06-03 10:39:39,046 INFO success: frontend entered RUNNING state, process has stayed up for > than 1 seconds (startsecs)
2024-06-03 10:54:23,934 WARN received SIGINT indicating exit request
2024-06-03 10:54:23,935 INFO waiting for api, crawler, embedder, frontend to die
2024-06-03 10:54:23,956 INFO stopped: frontend (exit status 0)
2024-06-03 10:54:23,964 WARN stopped: embedder (terminated by SIGTERM)
2024-06-03 10:54:24,602 WARN stopped: crawler (terminated by SIGTERM)
2024-06-03 10:54:25,356 INFO stopped: api (exit status 0)
2024-06-03 10:54:29,322 INFO supervisord started with pid 8065
2024-06-03 10:54:30,330 INFO spawned: 'api' with pid 8068
2024-06-03 10:54:30,335 INFO spawned: 'crawler' with pid 8069
2024-06-03 10:54:30,341 INFO spawned: 'embedder' with pid 8070
2024-06-03 10:54:30,349 INFO spawned: 'frontend' with pid 8071
2024-06-03 10:54:31,869 INFO success: api entered RUNNING state, process has stayed up for > than 1 seconds (startsecs)
2024-06-03 10:54:31,869 INFO success: crawler entered RUNNING state, process has stayed up for > than 1 seconds (startsecs)
2024-06-03 10:54:31,870 INFO success: embedder entered RUNNING state, process has stayed up for > than 1 seconds (startsecs)
2024-06-03 10:54:31,870 INFO success: frontend entered RUNNING state, process has stayed up for > than 1 seconds (startsecs)
2024-06-03 10:56:48,085 WARN received SIGINT indicating exit request
2024-06-03 10:56:48,091 INFO waiting for api, crawler, embedder, frontend to die
2024-06-03 10:56:48,112 INFO stopped: frontend (exit status 0)
2024-06-03 10:56:48,120 WARN stopped: embedder (terminated by SIGTERM)
2024-06-03 10:56:48,130 WARN stopped: crawler (terminated by SIGTERM)
2024-06-03 10:56:48,878 INFO stopped: api (exit status 0)
2024-06-03 10:56:49,901 INFO supervisord started with pid 8248
2024-06-03 10:56:50,909 INFO spawned: 'api' with pid 8251
2024-06-03 10:56:50,915 INFO spawned: 'crawler' with pid 8252
2024-06-03 10:56:50,921 INFO spawned: 'embedder' with pid 8253
2024-06-03 10:56:50,927 INFO spawned: 'frontend' with pid 8254
2024-06-03 10:56:52,471 INFO success: api entered RUNNING state, process has stayed up for > than 1 seconds (startsecs)
2024-06-03 10:56:52,472 INFO success: crawler entered RUNNING state, process has stayed up for > than 1 seconds (startsecs)
2024-06-03 10:56:52,472 INFO success: embedder entered RUNNING state, process has stayed up for > than 1 seconds (startsecs)
2024-06-03 10:56:52,472 INFO success: frontend entered RUNNING state, process has stayed up for > than 1 seconds (startsecs)
2024-06-03 10:57:12,501 WARN received SIGINT indicating exit request
2024-06-03 10:57:12,501 INFO waiting for api, crawler, embedder, frontend to die
2024-06-03 10:57:12,510 INFO stopped: frontend (exit status 0)
2024-06-03 10:57:12,516 WARN stopped: embedder (terminated by SIGTERM)
2024-06-03 10:57:12,849 WARN stopped: crawler (terminated by SIGTERM)
2024-06-03 10:57:13,385 INFO stopped: api (exit status 0)
2024-06-03 10:59:28,272 INFO supervisord started with pid 8618
2024-06-03 10:59:29,280 INFO spawned: 'api' with pid 8622
2024-06-03 10:59:29,286 INFO spawned: 'crawler' with pid 8623
2024-06-03 10:59:29,293 INFO spawned: 'embedder' with pid 8624
2024-06-03 10:59:29,298 INFO spawned: 'frontend' with pid 8625
2024-06-03 10:59:30,834 INFO success: api entered RUNNING state, process has stayed up for > than 1 seconds (startsecs)
2024-06-03 10:59:30,834 INFO success: crawler entered RUNNING state, process has stayed up for > than 1 seconds (startsecs)
2024-06-03 10:59:30,834 INFO success: embedder entered RUNNING state, process has stayed up for > than 1 seconds (startsecs)
2024-06-03 10:59:30,834 INFO success: frontend entered RUNNING state, process has stayed up for > than 1 seconds (startsecs)
2024-06-03 11:01:08,963 WARN received SIGINT indicating exit request
2024-06-03 11:01:08,963 INFO waiting for api, crawler, embedder, frontend to die
2024-06-03 11:01:08,973 INFO stopped: frontend (exit status 0)
2024-06-03 11:01:08,980 WARN stopped: embedder (terminated by SIGTERM)
2024-06-03 11:01:09,983 WARN stopped: crawler (terminated by SIGTERM)
2024-06-03 11:01:10,422 INFO stopped: api (exit status 0)
2024-06-03 11:01:11,263 INFO supervisord started with pid 9180
2024-06-03 11:01:12,271 INFO spawned: 'api' with pid 9187
2024-06-03 11:01:12,276 INFO spawned: 'crawler' with pid 9188
2024-06-03 11:01:12,280 INFO spawned: 'embedder' with pid 9189
2024-06-03 11:01:12,285 INFO spawned: 'frontend' with pid 9190
2024-06-03 11:01:13,955 INFO success: api entered RUNNING state, process has stayed up for > than 1 seconds (startsecs)
2024-06-03 11:01:13,956 INFO success: crawler entered RUNNING state, process has stayed up for > than 1 seconds (startsecs)
2024-06-03 11:01:13,956 INFO success: embedder entered RUNNING state, process has stayed up for > than 1 seconds (startsecs)
2024-06-03 11:01:13,956 INFO success: frontend entered RUNNING state, process has stayed up for > than 1 seconds (startsecs)
2024-06-03 11:01:37,989 WARN received SIGINT indicating exit request
2024-06-03 11:01:37,990 INFO waiting for api, crawler, embedder, frontend to die
2024-06-03 11:01:38,009 INFO stopped: frontend (exit status 0)
2024-06-03 11:01:38,022 WARN stopped: embedder (terminated by SIGTERM)
2024-06-03 11:01:38,277 WARN stopped: crawler (terminated by SIGTERM)
2024-06-03 11:01:38,818 INFO stopped: api (exit status 0)
2024-06-03 11:01:39,772 INFO supervisord started with pid 9382
2024-06-03 11:01:40,783 INFO spawned: 'api' with pid 9390
2024-06-03 11:01:40,790 INFO spawned: 'crawler' with pid 9391
2024-06-03 11:01:40,795 INFO spawned: 'embedder' with pid 9392
2024-06-03 11:01:40,801 INFO spawned: 'frontend' with pid 9393
2024-06-03 11:01:42,304 INFO success: api entered RUNNING state, process has stayed up for > than 1 seconds (startsecs)
2024-06-03 11:01:42,304 INFO success: crawler entered RUNNING state, process has stayed up for > than 1 seconds (startsecs)
2024-06-03 11:01:42,305 INFO success: embedder entered RUNNING state, process has stayed up for > than 1 seconds (startsecs)
2024-06-03 11:01:42,305 INFO success: frontend entered RUNNING state, process has stayed up for > than 1 seconds (startsecs)
2024-06-03 11:21:04,267 WARN received SIGINT indicating exit request
2024-06-03 11:21:04,269 INFO waiting for api, crawler, embedder, frontend to die
2024-06-03 11:21:04,293 INFO stopped: frontend (exit status 0)
2024-06-03 11:21:04,306 WARN stopped: embedder (terminated by SIGTERM)
2024-06-03 11:21:04,316 WARN stopped: crawler (terminated by SIGTERM)
2024-06-03 11:21:04,961 INFO stopped: api (exit status 0)
2024-06-03 11:21:06,116 INFO supervisord started with pid 11994
2024-06-03 11:21:07,124 INFO spawned: 'api' with pid 12000
2024-06-03 11:21:07,130 INFO spawned: 'crawler' with pid 12001
2024-06-03 11:21:07,136 INFO spawned: 'embedder' with pid 12002
2024-06-03 11:21:07,143 INFO spawned: 'frontend' with pid 12003
2024-06-03 11:21:08,892 INFO success: api entered RUNNING state, process has stayed up for > than 1 seconds (startsecs)
2024-06-03 11:21:08,893 INFO success: crawler entered RUNNING state, process has stayed up for > than 1 seconds (startsecs)
2024-06-03 11:21:08,893 INFO success: embedder entered RUNNING state, process has stayed up for > than 1 seconds (startsecs)
2024-06-03 11:21:08,893 INFO success: frontend entered RUNNING state, process has stayed up for > than 1 seconds (startsecs)
2024-06-03 11:36:16,051 WARN received SIGINT indicating exit request
2024-06-03 11:36:16,054 INFO waiting for api, crawler, embedder, frontend to die
2024-06-03 11:36:16,079 INFO stopped: frontend (exit status 0)
2024-06-03 11:36:16,098 WARN stopped: embedder (terminated by SIGTERM)
2024-06-03 11:36:17,100 WARN stopped: crawler (terminated by SIGTERM)
2024-06-03 11:36:17,749 INFO stopped: api (exit status 0)
2024-06-03 11:36:48,389 INFO supervisord started with pid 13268
2024-06-03 11:36:49,395 INFO spawned: 'api' with pid 13271
2024-06-03 11:36:49,399 INFO spawned: 'crawler' with pid 13272
2024-06-03 11:36:49,403 INFO spawned: 'embedder' with pid 13273
2024-06-03 11:36:49,408 INFO spawned: 'frontend' with pid 13274
2024-06-03 11:36:50,132 WARN exited: embedder (exit status 1; not expected)
2024-06-03 11:36:51,274 INFO success: api entered RUNNING state, process has stayed up for > than 1 seconds (startsecs)
2024-06-03 11:36:51,275 INFO success: crawler entered RUNNING state, process has stayed up for > than 1 seconds (startsecs)
2024-06-03 11:36:51,286 INFO spawned: 'embedder' with pid 13308
2024-06-03 11:36:51,287 INFO success: frontend entered RUNNING state, process has stayed up for > than 1 seconds (startsecs)
2024-06-03 11:36:51,895 WARN exited: embedder (exit status 1; not expected)
2024-06-03 11:36:53,909 INFO spawned: 'embedder' with pid 13313
2024-06-03 11:36:54,559 WARN exited: embedder (exit status 1; not expected)
2024-06-03 11:36:57,567 INFO spawned: 'embedder' with pid 13319
2024-06-03 11:36:58,144 WARN exited: embedder (exit status 1; not expected)
2024-06-03 11:36:59,147 INFO gave up: embedder entered FATAL state, too many start retries too quickly
2024-06-03 11:37:01,151 WARN received SIGINT indicating exit request
2024-06-03 11:37:01,152 INFO waiting for api, crawler, frontend to die
2024-06-03 11:37:01,165 INFO stopped: frontend (exit status 0)
2024-06-03 11:37:02,174 WARN stopped: crawler (terminated by SIGTERM)
2024-06-03 11:37:02,806 INFO stopped: api (exit status 0)
2024-06-03 11:37:27,751 INFO supervisord started with pid 13348
2024-06-03 11:37:28,759 INFO spawned: 'api' with pid 13351
2024-06-03 11:37:28,765 INFO spawned: 'crawler' with pid 13352
2024-06-03 11:37:28,770 INFO spawned: 'embedder' with pid 13353
2024-06-03 11:37:28,776 INFO spawned: 'frontend' with pid 13354
2024-06-03 11:37:30,687 INFO success: api entered RUNNING state, process has stayed up for > than 1 seconds (startsecs)
2024-06-03 11:37:30,688 INFO success: crawler entered RUNNING state, process has stayed up for > than 1 seconds (startsecs)
2024-06-03 11:37:30,688 INFO success: embedder entered RUNNING state, process has stayed up for > than 1 seconds (startsecs)
2024-06-03 11:37:30,688 INFO success: frontend entered RUNNING state, process has stayed up for > than 1 seconds (startsecs)
2024-06-03 11:37:50,286 WARN exited: embedder (exit status 1; not expected)
2024-06-03 11:37:51,291 INFO spawned: 'embedder' with pid 13426
2024-06-03 11:37:52,496 INFO success: embedder entered RUNNING state, process has stayed up for > than 1 seconds (startsecs)
2024-06-03 11:37:52,497 WARN exited: embedder (exit status 1; not expected)
2024-06-03 11:37:53,502 INFO spawned: 'embedder' with pid 13430
2024-06-03 11:37:54,694 INFO success: embedder entered RUNNING state, process has stayed up for > than 1 seconds (startsecs)
2024-06-03 11:37:54,695 WARN exited: embedder (exit status 1; not expected)
2024-06-03 11:37:55,701 INFO spawned: 'embedder' with pid 13433
2024-06-03 11:37:56,922 INFO success: embedder entered RUNNING state, process has stayed up for > than 1 seconds (startsecs)
2024-06-03 11:37:56,922 WARN exited: embedder (exit status 1; not expected)
2024-06-03 11:37:57,931 INFO spawned: 'embedder' with pid 13437
2024-06-03 11:37:59,134 INFO success: embedder entered RUNNING state, process has stayed up for > than 1 seconds (startsecs)
2024-06-03 11:37:59,134 WARN exited: embedder (exit status 1; not expected)
2024-06-03 11:38:00,142 INFO spawned: 'embedder' with pid 13441
2024-06-03 11:38:01,332 INFO success: embedder entered RUNNING state, process has stayed up for > than 1 seconds (startsecs)
2024-06-03 11:38:01,332 WARN exited: embedder (exit status 1; not expected)
2024-06-03 11:38:02,337 INFO spawned: 'embedder' with pid 13443
2024-06-03 11:38:03,581 INFO success: embedder entered RUNNING state, process has stayed up for > than 1 seconds (startsecs)
2024-06-03 11:38:03,581 WARN exited: embedder (exit status 1; not expected)
2024-06-03 11:38:04,586 INFO spawned: 'embedder' with pid 13448
2024-06-03 11:38:05,752 INFO success: embedder entered RUNNING state, process has stayed up for > than 1 seconds (startsecs)
2024-06-03 11:38:05,752 WARN exited: embedder (exit status 1; not expected)
2024-06-03 11:38:06,758 INFO spawned: 'embedder' with pid 13451
2024-06-03 11:38:07,919 INFO success: embedder entered RUNNING state, process has stayed up for > than 1 seconds (startsecs)
2024-06-03 11:38:07,919 WARN exited: embedder (exit status 1; not expected)
2024-06-03 11:38:08,932 INFO spawned: 'embedder' with pid 13456
2024-06-03 11:38:10,145 INFO success: embedder entered RUNNING state, process has stayed up for > than 1 seconds (startsecs)
2024-06-03 11:38:10,146 WARN exited: embedder (exit status 1; not expected)
2024-06-03 11:38:11,158 INFO spawned: 'embedder' with pid 13458
2024-06-03 11:38:12,332 INFO success: embedder entered RUNNING state, process has stayed up for > than 1 seconds (startsecs)
2024-06-03 11:38:12,332 WARN exited: embedder (exit status 1; not expected)
2024-06-03 11:38:13,342 INFO spawned: 'embedder' with pid 13463
2024-06-03 11:38:14,526 INFO success: embedder entered RUNNING state, process has stayed up for > than 1 seconds (startsecs)
2024-06-03 11:38:14,526 WARN exited: embedder (exit status 1; not expected)
2024-06-03 11:38:15,532 INFO spawned: 'embedder' with pid 13482
2024-06-03 11:38:16,680 INFO success: embedder entered RUNNING state, process has stayed up for > than 1 seconds (startsecs)
2024-06-03 11:38:16,680 WARN exited: embedder (exit status 1; not expected)
2024-06-03 11:38:17,688 INFO spawned: 'embedder' with pid 13487
2024-06-03 11:38:18,885 INFO success: embedder entered RUNNING state, process has stayed up for > than 1 seconds (startsecs)
2024-06-03 11:38:18,885 WARN exited: embedder (exit status 1; not expected)
2024-06-03 11:38:19,903 INFO spawned: 'embedder' with pid 13492
2024-06-03 11:38:21,136 INFO success: embedder entered RUNNING state, process has stayed up for > than 1 seconds (startsecs)
2024-06-03 11:38:21,137 WARN exited: embedder (exit status 1; not expected)
2024-06-03 11:38:22,153 INFO spawned: 'embedder' with pid 13494
2024-06-03 11:38:23,439 INFO success: embedder entered RUNNING state, process has stayed up for > than 1 seconds (startsecs)
2024-06-03 11:38:23,439 WARN exited: embedder (exit status 1; not expected)
2024-06-03 11:38:24,444 INFO spawned: 'embedder' with pid 13500
2024-06-03 11:38:25,596 INFO success: embedder entered RUNNING state, process has stayed up for > than 1 seconds (startsecs)
2024-06-03 11:38:25,597 WARN exited: embedder (exit status 1; not expected)
2024-06-03 11:38:26,601 INFO spawned: 'embedder' with pid 13502
2024-06-03 11:38:27,772 INFO success: embedder entered RUNNING state, process has stayed up for > than 1 seconds (startsecs)
2024-06-03 11:38:27,773 WARN exited: embedder (exit status 1; not expected)
2024-06-03 11:38:28,788 INFO spawned: 'embedder' with pid 13507
2024-06-03 11:38:30,059 INFO success: embedder entered RUNNING state, process has stayed up for > than 1 seconds (startsecs)
2024-06-03 11:38:30,060 WARN exited: embedder (exit status 1; not expected)
2024-06-03 11:38:31,065 INFO spawned: 'embedder' with pid 13515
2024-06-03 11:38:32,274 INFO success: embedder entered RUNNING state, process has stayed up for > than 1 seconds (startsecs)
2024-06-03 11:38:32,274 WARN exited: embedder (exit status 1; not expected)
2024-06-03 11:38:33,286 INFO spawned: 'embedder' with pid 13522
2024-06-03 11:38:34,464 INFO success: embedder entered RUNNING state, process has stayed up for > than 1 seconds (startsecs)
2024-06-03 11:38:34,465 WARN exited: embedder (exit status 1; not expected)
2024-06-03 11:38:35,474 INFO spawned: 'embedder' with pid 13524
2024-06-03 11:38:36,652 INFO success: embedder entered RUNNING state, process has stayed up for > than 1 seconds (startsecs)
2024-06-03 11:38:36,653 WARN exited: embedder (exit status 1; not expected)
2024-06-03 11:38:37,657 INFO spawned: 'embedder' with pid 13527
2024-06-03 11:38:38,805 INFO success: embedder entered RUNNING state, process has stayed up for > than 1 seconds (startsecs)
2024-06-03 11:38:38,805 WARN exited: embedder (exit status 1; not expected)
2024-06-03 11:38:39,815 INFO spawned: 'embedder' with pid 13531
2024-06-03 11:38:40,990 INFO success: embedder entered RUNNING state, process has stayed up for > than 1 seconds (startsecs)
2024-06-03 11:38:40,990 WARN exited: embedder (exit status 1; not expected)
2024-06-03 11:38:41,995 INFO spawned: 'embedder' with pid 13534
2024-06-03 11:38:43,274 INFO success: embedder entered RUNNING state, process has stayed up for > than 1 seconds (startsecs)
2024-06-03 11:38:43,274 WARN exited: embedder (exit status 1; not expected)
2024-06-03 11:38:44,280 INFO spawned: 'embedder' with pid 13538
2024-06-03 11:38:45,498 INFO success: embedder entered RUNNING state, process has stayed up for > than 1 seconds (startsecs)
2024-06-03 11:38:45,498 WARN exited: embedder (exit status 1; not expected)
2024-06-03 11:38:46,506 INFO spawned: 'embedder' with pid 13542
2024-06-03 11:38:47,772 INFO success: embedder entered RUNNING state, process has stayed up for > than 1 seconds (startsecs)
2024-06-03 11:38:47,773 WARN exited: embedder (exit status 1; not expected)
2024-06-03 11:38:48,777 INFO spawned: 'embedder' with pid 13546
2024-06-03 11:38:49,988 INFO success: embedder entered RUNNING state, process has stayed up for > than 1 seconds (startsecs)
2024-06-03 11:38:49,988 WARN exited: embedder (exit status 1; not expected)
2024-06-03 11:38:50,993 INFO spawned: 'embedder' with pid 13549
2024-06-03 11:38:52,175 INFO success: embedder entered RUNNING state, process has stayed up for > than 1 seconds (startsecs)
2024-06-03 11:38:52,175 WARN exited: embedder (exit status 1; not expected)
2024-06-03 11:38:53,181 INFO spawned: 'embedder' with pid 13553
2024-06-03 11:38:54,355 INFO success: embedder entered RUNNING state, process has stayed up for > than 1 seconds (startsecs)
2024-06-03 11:38:54,355 WARN exited: embedder (exit status 1; not expected)
2024-06-03 11:38:55,367 INFO spawned: 'embedder' with pid 13556
2024-06-03 11:38:56,561 INFO success: embedder entered RUNNING state, process has stayed up for > than 1 seconds (startsecs)
2024-06-03 11:38:56,561 WARN exited: embedder (exit status 1; not expected)
2024-06-03 11:38:57,569 INFO spawned: 'embedder' with pid 13558
2024-06-03 11:38:58,742 INFO success: embedder entered RUNNING state, process has stayed up for > than 1 seconds (startsecs)
2024-06-03 11:38:58,742 WARN exited: embedder (exit status 1; not expected)
2024-06-03 11:38:59,753 INFO spawned: 'embedder' with pid 13563
2024-06-03 11:39:00,960 INFO success: embedder entered RUNNING state, process has stayed up for > than 1 seconds (startsecs)
2024-06-03 11:39:00,960 WARN exited: embedder (exit status 1; not expected)
2024-06-03 11:39:01,966 INFO spawned: 'embedder' with pid 13566
2024-06-03 11:39:03,153 INFO success: embedder entered RUNNING state, process has stayed up for > than 1 seconds (startsecs)
2024-06-03 11:39:03,153 WARN exited: embedder (exit status 1; not expected)
2024-06-03 11:39:04,168 INFO spawned: 'embedder' with pid 13570
2024-06-03 11:39:05,369 INFO success: embedder entered RUNNING state, process has stayed up for > than 1 seconds (startsecs)
2024-06-03 11:39:05,369 WARN exited: embedder (exit status 1; not expected)
2024-06-03 11:39:06,386 INFO spawned: 'embedder' with pid 13573
2024-06-03 11:39:07,603 INFO success: embedder entered RUNNING state, process has stayed up for > than 1 seconds (startsecs)
2024-06-03 11:39:07,603 WARN exited: embedder (exit status 1; not expected)
2024-06-03 11:39:08,621 INFO spawned: 'embedder' with pid 13577
2024-06-03 11:39:09,850 INFO success: embedder entered RUNNING state, process has stayed up for > than 1 seconds (startsecs)
2024-06-03 11:39:09,850 WARN exited: embedder (exit status 1; not expected)
2024-06-03 11:39:10,855 INFO spawned: 'embedder' with pid 13581
2024-06-03 11:39:12,054 INFO success: embedder entered RUNNING state, process has stayed up for > than 1 seconds (startsecs)
2024-06-03 11:39:12,054 WARN exited: embedder (exit status 1; not expected)
2024-06-03 11:39:13,059 INFO spawned: 'embedder' with pid 13585
2024-06-03 11:39:14,209 INFO success: embedder entered RUNNING state, process has stayed up for > than 1 seconds (startsecs)
2024-06-03 11:39:14,209 WARN exited: embedder (exit status 1; not expected)
2024-06-03 11:39:15,215 INFO spawned: 'embedder' with pid 13588
2024-06-03 11:39:16,405 INFO success: embedder entered RUNNING state, process has stayed up for > than 1 seconds (startsecs)
2024-06-03 11:39:16,405 WARN exited: embedder (exit status 1; not expected)
2024-06-03 11:39:17,412 INFO spawned: 'embedder' with pid 13591
2024-06-03 11:39:18,636 INFO success: embedder entered RUNNING state, process has stayed up for > than 1 seconds (startsecs)
2024-06-03 11:39:18,637 WARN exited: embedder (exit status 1; not expected)
2024-06-03 11:39:19,654 INFO spawned: 'embedder' with pid 13596
2024-06-03 11:39:20,854 INFO success: embedder entered RUNNING state, process has stayed up for > than 1 seconds (startsecs)
2024-06-03 11:39:20,855 WARN exited: embedder (exit status 1; not expected)
2024-06-03 11:39:21,873 INFO spawned: 'embedder' with pid 13598
2024-06-03 11:39:23,036 INFO success: embedder entered RUNNING state, process has stayed up for > than 1 seconds (startsecs)
2024-06-03 11:39:23,036 WARN exited: embedder (exit status 1; not expected)
2024-06-03 11:39:24,042 INFO spawned: 'embedder' with pid 13603
2024-06-03 11:39:25,184 INFO success: embedder entered RUNNING state, process has stayed up for > than 1 seconds (startsecs)
2024-06-03 11:39:25,184 WARN exited: embedder (exit status 1; not expected)
2024-06-03 11:39:26,197 INFO spawned: 'embedder' with pid 13605
2024-06-03 11:39:27,388 INFO success: embedder entered RUNNING state, process has stayed up for > than 1 seconds (startsecs)
2024-06-03 11:39:27,388 WARN exited: embedder (exit status 1; not expected)
2024-06-03 11:39:28,404 INFO spawned: 'embedder' with pid 13610
2024-06-03 11:39:29,581 INFO success: embedder entered RUNNING state, process has stayed up for > than 1 seconds (startsecs)
2024-06-03 11:39:29,581 WARN exited: embedder (exit status 1; not expected)
2024-06-03 11:39:30,597 INFO spawned: 'embedder' with pid 13612
2024-06-03 11:39:31,829 INFO success: embedder entered RUNNING state, process has stayed up for > than 1 seconds (startsecs)
2024-06-03 11:39:31,829 WARN exited: embedder (exit status 1; not expected)
2024-06-03 11:39:32,834 INFO spawned: 'embedder' with pid 13617
2024-06-03 11:39:34,043 INFO success: embedder entered RUNNING state, process has stayed up for > than 1 seconds (startsecs)
2024-06-03 11:39:34,044 WARN exited: embedder (exit status 1; not expected)
2024-06-03 11:39:35,049 INFO spawned: 'embedder' with pid 13620
2024-06-03 11:39:36,195 INFO success: embedder entered RUNNING state, process has stayed up for > than 1 seconds (startsecs)
2024-06-03 11:39:36,195 WARN exited: embedder (exit status 1; not expected)
2024-06-03 11:39:37,200 INFO spawned: 'embedder' with pid 13623
2024-06-03 11:39:38,387 INFO success: embedder entered RUNNING state, process has stayed up for > than 1 seconds (startsecs)
2024-06-03 11:39:38,387 WARN exited: embedder (exit status 1; not expected)
2024-06-03 11:39:39,392 INFO spawned: 'embedder' with pid 13627
2024-06-03 11:39:40,565 INFO success: embedder entered RUNNING state, process has stayed up for > than 1 seconds (startsecs)
2024-06-03 11:39:40,565 WARN exited: embedder (exit status 1; not expected)
2024-06-03 11:39:41,576 INFO spawned: 'embedder' with pid 13630
2024-06-03 11:39:42,771 INFO success: embedder entered RUNNING state, process has stayed up for > than 1 seconds (startsecs)
2024-06-03 11:39:42,771 WARN exited: embedder (exit status 1; not expected)
2024-06-03 11:39:43,782 INFO spawned: 'embedder' with pid 13635
2024-06-03 11:39:44,943 INFO success: embedder entered RUNNING state, process has stayed up for > than 1 seconds (startsecs)
2024-06-03 11:39:44,943 WARN exited: embedder (exit status 1; not expected)
2024-06-03 11:39:45,959 INFO spawned: 'embedder' with pid 13637
2024-06-03 11:39:47,182 INFO success: embedder entered RUNNING state, process has stayed up for > than 1 seconds (startsecs)
2024-06-03 11:39:47,182 WARN exited: embedder (exit status 1; not expected)
2024-06-03 11:39:48,192 INFO spawned: 'embedder' with pid 13645
2024-06-03 11:39:49,417 INFO success: embedder entered RUNNING state, process has stayed up for > than 1 seconds (startsecs)
2024-06-03 11:39:49,417 WARN exited: embedder (exit status 1; not expected)
2024-06-03 11:39:50,423 INFO spawned: 'embedder' with pid 13647
2024-06-03 11:39:51,584 INFO success: embedder entered RUNNING state, process has stayed up for > than 1 seconds (startsecs)
2024-06-03 11:39:51,584 WARN exited: embedder (exit status 1; not expected)
2024-06-03 11:39:52,590 INFO spawned: 'embedder' with pid 13652
2024-06-03 11:39:53,789 INFO success: embedder entered RUNNING state, process has stayed up for > than 1 seconds (startsecs)
2024-06-03 11:39:53,789 WARN exited: embedder (exit status 1; not expected)
2024-06-03 11:39:54,805 INFO spawned: 'embedder' with pid 13656
2024-06-03 11:39:56,014 INFO success: embedder entered RUNNING state, process has stayed up for > than 1 seconds (startsecs)
2024-06-03 11:39:56,014 WARN exited: embedder (exit status 1; not expected)
2024-06-03 11:39:57,030 INFO spawned: 'embedder' with pid 13659
2024-06-03 11:39:58,212 INFO success: embedder entered RUNNING state, process has stayed up for > than 1 seconds (startsecs)
2024-06-03 11:39:58,212 WARN exited: embedder (exit status 1; not expected)
2024-06-03 11:39:59,217 INFO spawned: 'embedder' with pid 13664
2024-06-03 11:40:00,378 INFO success: embedder entered RUNNING state, process has stayed up for > than 1 seconds (startsecs)
2024-06-03 11:40:00,378 WARN exited: embedder (exit status 1; not expected)
2024-06-03 11:40:01,383 INFO spawned: 'embedder' with pid 13667
2024-06-03 11:40:02,574 INFO success: embedder entered RUNNING state, process has stayed up for > than 1 seconds (startsecs)
2024-06-03 11:40:02,574 WARN exited: embedder (exit status 1; not expected)
2024-06-03 11:40:03,579 INFO spawned: 'embedder' with pid 13673
2024-06-03 11:40:04,857 INFO success: embedder entered RUNNING state, process has stayed up for > than 1 seconds (startsecs)
2024-06-03 11:40:04,857 WARN exited: embedder (exit status 1; not expected)
2024-06-03 11:40:05,863 INFO spawned: 'embedder' with pid 13678
2024-06-03 11:40:07,082 INFO success: embedder entered RUNNING state, process has stayed up for > than 1 seconds (startsecs)
2024-06-03 11:40:07,082 WARN exited: embedder (exit status 1; not expected)
2024-06-03 11:40:08,088 INFO spawned: 'embedder' with pid 13682
2024-06-03 11:40:09,255 INFO success: embedder entered RUNNING state, process has stayed up for > than 1 seconds (startsecs)
2024-06-03 11:40:09,255 WARN exited: embedder (exit status 1; not expected)
2024-06-03 11:40:10,274 INFO spawned: 'embedder' with pid 13684
2024-06-03 11:40:11,504 INFO success: embedder entered RUNNING state, process has stayed up for > than 1 seconds (startsecs)
2024-06-03 11:40:11,504 WARN exited: embedder (exit status 1; not expected)
2024-06-03 11:40:12,509 INFO spawned: 'embedder' with pid 13687
2024-06-03 11:40:13,676 INFO success: embedder entered RUNNING state, process has stayed up for > than 1 seconds (startsecs)
2024-06-03 11:40:13,676 WARN exited: embedder (exit status 1; not expected)
2024-06-03 11:40:14,681 INFO spawned: 'embedder' with pid 13692
2024-06-03 11:40:15,864 INFO success: embedder entered RUNNING state, process has stayed up for > than 1 seconds (startsecs)
2024-06-03 11:40:15,864 WARN exited: embedder (exit status 1; not expected)
2024-06-03 11:40:16,870 INFO spawned: 'embedder' with pid 13694
2024-06-03 11:40:18,020 INFO success: embedder entered RUNNING state, process has stayed up for > than 1 seconds (startsecs)
2024-06-03 11:40:18,020 WARN exited: embedder (exit status 1; not expected)
2024-06-03 11:40:19,029 INFO spawned: 'embedder' with pid 13699
2024-06-03 11:40:20,221 INFO success: embedder entered RUNNING state, process has stayed up for > than 1 seconds (startsecs)
2024-06-03 11:40:20,221 WARN exited: embedder (exit status 1; not expected)
2024-06-03 11:40:21,239 INFO spawned: 'embedder' with pid 13701
2024-06-03 11:40:22,439 INFO success: embedder entered RUNNING state, process has stayed up for > than 1 seconds (startsecs)
2024-06-03 11:40:22,439 WARN exited: embedder (exit status 1; not expected)
2024-06-03 11:40:23,450 INFO spawned: 'embedder' with pid 13706
2024-06-03 11:40:24,615 INFO success: embedder entered RUNNING state, process has stayed up for > than 1 seconds (startsecs)
2024-06-03 11:40:24,615 WARN exited: embedder (exit status 1; not expected)
2024-06-03 11:40:25,625 INFO spawned: 'embedder' with pid 13708
2024-06-03 11:40:26,801 INFO success: embedder entered RUNNING state, process has stayed up for > than 1 seconds (startsecs)
2024-06-03 11:40:26,801 WARN exited: embedder (exit status 1; not expected)
2024-06-03 11:40:27,807 INFO spawned: 'embedder' with pid 13715
2024-06-03 11:40:28,999 INFO success: embedder entered RUNNING state, process has stayed up for > than 1 seconds (startsecs)
2024-06-03 11:40:28,999 WARN exited: embedder (exit status 1; not expected)
2024-06-03 11:40:30,005 INFO spawned: 'embedder' with pid 13722
2024-06-03 11:40:31,195 INFO success: embedder entered RUNNING state, process has stayed up for > than 1 seconds (startsecs)
2024-06-03 11:40:31,195 WARN exited: embedder (exit status 1; not expected)
2024-06-03 11:40:32,209 INFO spawned: 'embedder' with pid 13724
2024-06-03 11:40:33,457 INFO success: embedder entered RUNNING state, process has stayed up for > than 1 seconds (startsecs)
2024-06-03 11:40:33,457 WARN exited: embedder (exit status 1; not expected)
2024-06-03 11:40:34,475 INFO spawned: 'embedder' with pid 13729
2024-06-03 11:40:35,725 INFO success: embedder entered RUNNING state, process has stayed up for > than 1 seconds (startsecs)
2024-06-03 11:40:35,726 WARN exited: embedder (exit status 1; not expected)
2024-06-03 11:40:36,731 INFO spawned: 'embedder' with pid 13732
2024-06-03 11:40:37,894 INFO success: embedder entered RUNNING state, process has stayed up for > than 1 seconds (startsecs)
2024-06-03 11:40:37,894 WARN exited: embedder (exit status 1; not expected)
2024-06-03 11:40:38,899 INFO spawned: 'embedder' with pid 13737
2024-06-03 11:40:40,067 INFO success: embedder entered RUNNING state, process has stayed up for > than 1 seconds (startsecs)
2024-06-03 11:40:40,067 WARN exited: embedder (exit status 1; not expected)
2024-06-03 11:40:41,072 INFO spawned: 'embedder' with pid 13739
2024-06-03 11:40:42,238 INFO success: embedder entered RUNNING state, process has stayed up for > than 1 seconds (startsecs)
2024-06-03 11:40:42,238 WARN exited: embedder (exit status 1; not expected)
2024-06-03 11:40:43,250 INFO spawned: 'embedder' with pid 13744
2024-06-03 11:40:44,515 INFO success: embedder entered RUNNING state, process has stayed up for > than 1 seconds (startsecs)
2024-06-03 11:40:44,515 WARN exited: embedder (exit status 1; not expected)
2024-06-03 11:40:45,530 INFO spawned: 'embedder' with pid 13746
2024-06-03 11:40:46,718 INFO success: embedder entered RUNNING state, process has stayed up for > than 1 seconds (startsecs)
2024-06-03 11:40:46,718 WARN exited: embedder (exit status 1; not expected)
2024-06-03 11:40:47,724 INFO spawned: 'embedder' with pid 13750
2024-06-03 11:40:48,883 INFO success: embedder entered RUNNING state, process has stayed up for > than 1 seconds (startsecs)
2024-06-03 11:40:48,883 WARN exited: embedder (exit status 1; not expected)
2024-06-03 11:40:49,891 INFO spawned: 'embedder' with pid 13754
2024-06-03 11:40:51,038 INFO success: embedder entered RUNNING state, process has stayed up for > than 1 seconds (startsecs)
2024-06-03 11:40:51,038 WARN exited: embedder (exit status 1; not expected)
2024-06-03 11:40:52,044 INFO spawned: 'embedder' with pid 13757
2024-06-03 11:40:53,196 INFO success: embedder entered RUNNING state, process has stayed up for > than 1 seconds (startsecs)
2024-06-03 11:40:53,196 WARN exited: embedder (exit status 1; not expected)
2024-06-03 11:40:54,202 INFO spawned: 'embedder' with pid 13761
2024-06-03 11:40:55,356 INFO success: embedder entered RUNNING state, process has stayed up for > than 1 seconds (startsecs)
2024-06-03 11:40:55,357 WARN exited: embedder (exit status 1; not expected)
2024-06-03 11:40:56,375 INFO spawned: 'embedder' with pid 13764
2024-06-03 11:40:57,589 INFO success: embedder entered RUNNING state, process has stayed up for > than 1 seconds (startsecs)
2024-06-03 11:40:57,589 WARN exited: embedder (exit status 1; not expected)
2024-06-03 11:40:58,596 INFO spawned: 'embedder' with pid 13768
2024-06-03 11:40:59,782 INFO success: embedder entered RUNNING state, process has stayed up for > than 1 seconds (startsecs)
2024-06-03 11:40:59,782 WARN exited: embedder (exit status 1; not expected)
2024-06-03 11:41:00,791 INFO spawned: 'embedder' with pid 13772
2024-06-03 11:41:01,998 INFO success: embedder entered RUNNING state, process has stayed up for > than 1 seconds (startsecs)
2024-06-03 11:41:01,998 WARN exited: embedder (exit status 1; not expected)
2024-06-03 11:41:03,004 INFO spawned: 'embedder' with pid 13776
2024-06-03 11:41:04,209 INFO success: embedder entered RUNNING state, process has stayed up for > than 1 seconds (startsecs)
2024-06-03 11:41:04,209 WARN exited: embedder (exit status 1; not expected)
2024-06-03 11:41:05,215 INFO spawned: 'embedder' with pid 13781
2024-06-03 11:41:06,383 INFO success: embedder entered RUNNING state, process has stayed up for > than 1 seconds (startsecs)
2024-06-03 11:41:06,383 WARN exited: embedder (exit status 1; not expected)
2024-06-03 11:41:07,390 INFO spawned: 'embedder' with pid 13783
2024-06-03 11:41:08,392 INFO success: embedder entered RUNNING state, process has stayed up for > than 1 seconds (startsecs)
2024-06-03 11:41:16,954 WARN exited: embedder (exit status 1; not expected)
2024-06-03 11:41:17,960 INFO spawned: 'embedder' with pid 13795
2024-06-03 11:41:19,149 INFO success: embedder entered RUNNING state, process has stayed up for > than 1 seconds (startsecs)
2024-06-03 11:41:19,149 WARN exited: embedder (exit status 1; not expected)
2024-06-03 11:41:20,155 INFO spawned: 'embedder' with pid 13801
2024-06-03 11:41:21,292 INFO success: embedder entered RUNNING state, process has stayed up for > than 1 seconds (startsecs)
2024-06-03 11:41:21,292 WARN exited: embedder (exit status 1; not expected)
2024-06-03 11:41:22,303 INFO spawned: 'embedder' with pid 13803
2024-06-03 11:41:23,538 INFO success: embedder entered RUNNING state, process has stayed up for > than 1 seconds (startsecs)
2024-06-03 11:41:23,538 WARN exited: embedder (exit status 1; not expected)
2024-06-03 11:41:24,547 INFO spawned: 'embedder' with pid 13808
2024-06-03 11:41:25,769 INFO success: embedder entered RUNNING state, process has stayed up for > than 1 seconds (startsecs)
2024-06-03 11:41:25,769 WARN exited: embedder (exit status 1; not expected)
2024-06-03 11:41:26,780 INFO spawned: 'embedder' with pid 13810
2024-06-03 11:41:27,996 INFO success: embedder entered RUNNING state, process has stayed up for > than 1 seconds (startsecs)
2024-06-03 11:41:27,998 WARN exited: embedder (exit status 1; not expected)
2024-06-03 11:41:29,011 INFO spawned: 'embedder' with pid 13816
2024-06-03 11:41:30,302 INFO success: embedder entered RUNNING state, process has stayed up for > than 1 seconds (startsecs)
2024-06-03 11:41:30,303 WARN exited: embedder (exit status 1; not expected)
2024-06-03 11:41:31,308 INFO spawned: 'embedder' with pid 13818
2024-06-03 11:41:32,474 INFO success: embedder entered RUNNING state, process has stayed up for > than 1 seconds (startsecs)
2024-06-03 11:41:32,474 WARN exited: embedder (exit status 1; not expected)
2024-06-03 11:41:33,480 INFO spawned: 'embedder' with pid 13823
2024-06-03 11:41:34,673 INFO success: embedder entered RUNNING state, process has stayed up for > than 1 seconds (startsecs)
2024-06-03 11:41:34,673 WARN exited: embedder (exit status 1; not expected)
2024-06-03 11:41:35,684 INFO spawned: 'embedder' with pid 13825
2024-06-03 11:41:36,879 INFO success: embedder entered RUNNING state, process has stayed up for > than 1 seconds (startsecs)
2024-06-03 11:41:36,879 WARN exited: embedder (exit status 1; not expected)
2024-06-03 11:41:37,884 INFO spawned: 'embedder' with pid 13830
2024-06-03 11:41:39,077 INFO success: embedder entered RUNNING state, process has stayed up for > than 1 seconds (startsecs)
2024-06-03 11:41:39,077 WARN exited: embedder (exit status 1; not expected)
2024-06-03 11:41:40,090 INFO spawned: 'embedder' with pid 13834
2024-06-03 11:41:41,276 INFO success: embedder entered RUNNING state, process has stayed up for > than 1 seconds (startsecs)
2024-06-03 11:41:41,276 WARN exited: embedder (exit status 1; not expected)
2024-06-03 11:41:42,285 INFO spawned: 'embedder' with pid 13837
2024-06-03 11:41:43,479 INFO success: embedder entered RUNNING state, process has stayed up for > than 1 seconds (startsecs)
2024-06-03 11:41:43,479 WARN exited: embedder (exit status 1; not expected)
2024-06-03 11:41:44,489 INFO spawned: 'embedder' with pid 13842
2024-06-03 11:41:45,493 INFO success: embedder entered RUNNING state, process has stayed up for > than 1 seconds (startsecs)
2024-06-03 11:41:46,003 WARN exited: embedder (exit status 1; not expected)
2024-06-03 11:41:47,019 INFO spawned: 'embedder' with pid 13849
2024-06-03 11:41:48,270 INFO success: embedder entered RUNNING state, process has stayed up for > than 1 seconds (startsecs)
2024-06-03 11:41:48,270 WARN exited: embedder (exit status 1; not expected)
2024-06-03 11:41:49,276 INFO spawned: 'embedder' with pid 13856
2024-06-03 11:41:50,440 INFO success: embedder entered RUNNING state, process has stayed up for > than 1 seconds (startsecs)
2024-06-03 11:41:50,440 WARN exited: embedder (exit status 1; not expected)
2024-06-03 11:41:51,445 INFO spawned: 'embedder' with pid 13861
2024-06-03 11:41:52,599 INFO success: embedder entered RUNNING state, process has stayed up for > than 1 seconds (startsecs)
2024-06-03 11:41:52,599 WARN exited: embedder (exit status 1; not expected)
2024-06-03 11:41:53,604 INFO spawned: 'embedder' with pid 13867
2024-06-03 11:41:54,766 INFO success: embedder entered RUNNING state, process has stayed up for > than 1 seconds (startsecs)
2024-06-03 11:41:54,766 WARN exited: embedder (exit status 1; not expected)
2024-06-03 11:41:55,773 INFO spawned: 'embedder' with pid 13871
2024-06-03 11:41:56,981 INFO success: embedder entered RUNNING state, process has stayed up for > than 1 seconds (startsecs)
2024-06-03 11:41:56,981 WARN exited: embedder (exit status 1; not expected)
2024-06-03 11:41:57,986 INFO spawned: 'embedder' with pid 13880
2024-06-03 11:41:59,166 INFO success: embedder entered RUNNING state, process has stayed up for > than 1 seconds (startsecs)
2024-06-03 11:41:59,166 WARN exited: embedder (exit status 1; not expected)
2024-06-03 11:42:00,177 INFO spawned: 'embedder' with pid 13882
2024-06-03 11:42:01,179 INFO success: embedder entered RUNNING state, process has stayed up for > than 1 seconds (startsecs)
2024-06-03 11:42:09,755 WARN exited: embedder (exit status 1; not expected)
2024-06-03 11:42:10,763 INFO spawned: 'embedder' with pid 13900
2024-06-03 11:42:11,940 INFO success: embedder entered RUNNING state, process has stayed up for > than 1 seconds (startsecs)
2024-06-03 11:42:11,940 WARN exited: embedder (exit status 1; not expected)
2024-06-03 11:42:12,956 INFO spawned: 'embedder' with pid 13902
2024-06-03 11:42:14,237 INFO success: embedder entered RUNNING state, process has stayed up for > than 1 seconds (startsecs)
2024-06-03 11:42:14,237 WARN exited: embedder (exit status 1; not expected)
2024-06-03 11:42:15,251 INFO spawned: 'embedder' with pid 13906
2024-06-03 11:42:15,977 WARN received SIGINT indicating exit request
2024-06-03 11:42:15,978 INFO waiting for api, crawler, embedder, frontend to die
2024-06-03 11:42:15,991 INFO stopped: frontend (exit status 0)
2024-06-03 11:42:15,995 WARN stopped: embedder (terminated by SIGTERM)
2024-06-03 11:42:16,998 WARN stopped: crawler (terminated by SIGTERM)
2024-06-03 11:42:17,544 INFO stopped: api (exit status 0)
2024-06-03 12:00:22,290 INFO supervisord started with pid 14711
2024-06-03 12:00:23,302 INFO spawned: 'api' with pid 14715
2024-06-03 12:00:23,309 INFO spawned: 'crawler' with pid 14716
2024-06-03 12:00:23,315 INFO spawned: 'embedder' with pid 14717
2024-06-03 12:00:23,321 INFO spawned: 'frontend' with pid 14718
2024-06-03 12:00:25,249 INFO success: api entered RUNNING state, process has stayed up for > than 1 seconds (startsecs)
2024-06-03 12:00:25,250 INFO success: crawler entered RUNNING state, process has stayed up for > than 1 seconds (startsecs)
2024-06-03 12:00:25,250 INFO success: embedder entered RUNNING state, process has stayed up for > than 1 seconds (startsecs)
2024-06-03 12:00:25,250 INFO success: frontend entered RUNNING state, process has stayed up for > than 1 seconds (startsecs)
2024-06-03 12:46:16,740 WARN received SIGINT indicating exit request
2024-06-03 12:46:16,742 INFO waiting for api, crawler, embedder, frontend to die
2024-06-03 12:46:16,765 INFO stopped: frontend (exit status 0)
2024-06-03 12:46:16,775 WARN stopped: embedder (terminated by SIGTERM)
2024-06-03 12:46:17,777 WARN stopped: crawler (terminated by SIGTERM)
2024-06-03 12:46:18,522 INFO stopped: api (exit status 0)
2024-06-03 12:46:19,429 INFO supervisord started with pid 17653
2024-06-03 12:46:20,437 INFO spawned: 'api' with pid 17656
2024-06-03 12:46:20,442 INFO spawned: 'crawler' with pid 17657
2024-06-03 12:46:20,447 INFO spawned: 'embedder' with pid 17658
2024-06-03 12:46:20,453 INFO spawned: 'frontend' with pid 17659
2024-06-03 12:46:21,471 INFO success: api entered RUNNING state, process has stayed up for > than 1 seconds (startsecs)
2024-06-03 12:46:21,471 INFO success: crawler entered RUNNING state, process has stayed up for > than 1 seconds (startsecs)
2024-06-03 12:46:21,471 INFO success: embedder entered RUNNING state, process has stayed up for > than 1 seconds (startsecs)
2024-06-03 12:46:21,471 INFO success: frontend entered RUNNING state, process has stayed up for > than 1 seconds (startsecs)
2024-06-03 12:51:20,999 WARN received SIGINT indicating exit request
2024-06-03 12:51:21,001 INFO waiting for api, crawler, embedder, frontend to die
2024-06-03 12:51:21,013 INFO stopped: frontend (exit status 0)
2024-06-03 12:51:21,021 WARN stopped: embedder (terminated by SIGTERM)
2024-06-03 12:51:21,744 WARN stopped: crawler (terminated by SIGTERM)
2024-06-03 12:51:22,483 INFO stopped: api (exit status 0)
2024-06-03 12:51:23,469 INFO supervisord started with pid 18146
2024-06-03 12:51:24,477 INFO spawned: 'api' with pid 18150
2024-06-03 12:51:24,483 INFO spawned: 'crawler' with pid 18151
2024-06-03 12:51:24,489 INFO spawned: 'embedder' with pid 18152
2024-06-03 12:51:24,495 INFO spawned: 'frontend' with pid 18153
2024-06-03 12:51:26,322 INFO success: api entered RUNNING state, process has stayed up for > than 1 seconds (startsecs)
2024-06-03 12:51:26,323 INFO success: crawler entered RUNNING state, process has stayed up for > than 1 seconds (startsecs)
2024-06-03 12:51:26,323 INFO success: embedder entered RUNNING state, process has stayed up for > than 1 seconds (startsecs)
2024-06-03 12:51:26,323 INFO success: frontend entered RUNNING state, process has stayed up for > than 1 seconds (startsecs)
2024-06-03 13:48:37,244 WARN received SIGINT indicating exit request
2024-06-03 13:48:37,248 INFO waiting for api, crawler, embedder, frontend to die
2024-06-03 13:48:37,280 INFO stopped: frontend (exit status 0)
2024-06-03 13:48:37,286 WARN stopped: embedder (terminated by SIGTERM)
2024-06-03 13:48:37,482 WARN stopped: crawler (terminated by SIGTERM)
2024-06-03 13:48:38,227 INFO stopped: api (exit status 0)
2024-06-03 13:48:40,323 INFO supervisord started with pid 22283
2024-06-03 13:48:41,330 INFO spawned: 'api' with pid 22287
2024-06-03 13:48:41,335 INFO spawned: 'crawler' with pid 22288
2024-06-03 13:48:41,341 INFO spawned: 'embedder' with pid 22289
2024-06-03 13:48:41,347 INFO spawned: 'frontend' with pid 22290
2024-06-03 13:48:42,346 INFO success: api entered RUNNING state, process has stayed up for > than 1 seconds (startsecs)
2024-06-03 13:48:42,346 INFO success: crawler entered RUNNING state, process has stayed up for > than 1 seconds (startsecs)
2024-06-03 13:48:42,346 INFO success: embedder entered RUNNING state, process has stayed up for > than 1 seconds (startsecs)
2024-06-03 13:48:42,346 INFO success: frontend entered RUNNING state, process has stayed up for > than 1 seconds (startsecs)
2024-06-03 13:49:43,454 WARN received SIGINT indicating exit request
2024-06-03 13:49:43,457 INFO waiting for api, crawler, embedder, frontend to die
2024-06-03 13:49:43,476 INFO stopped: frontend (exit status 0)
2024-06-03 13:49:43,485 WARN stopped: embedder (terminated by SIGTERM)
2024-06-03 13:49:44,063 WARN stopped: crawler (terminated by SIGTERM)
2024-06-03 13:49:44,812 INFO stopped: api (exit status 0)
2024-06-03 13:52:03,188 INFO supervisord started with pid 22671
2024-06-03 13:52:04,199 INFO spawned: 'api' with pid 22675
2024-06-03 13:52:04,206 INFO spawned: 'crawler' with pid 22676
2024-06-03 13:52:04,212 INFO spawned: 'embedder' with pid 22677
2024-06-03 13:52:04,218 INFO spawned: 'frontend' with pid 22678
2024-06-03 13:52:05,250 INFO success: api entered RUNNING state, process has stayed up for > than 1 seconds (startsecs)
2024-06-03 13:52:05,250 INFO success: crawler entered RUNNING state, process has stayed up for > than 1 seconds (startsecs)
2024-06-03 13:52:05,250 INFO success: embedder entered RUNNING state, process has stayed up for > than 1 seconds (startsecs)
2024-06-03 13:52:05,250 INFO success: frontend entered RUNNING state, process has stayed up for > than 1 seconds (startsecs)
2024-06-03 13:52:48,311 WARN received SIGINT indicating exit request
2024-06-03 13:52:48,312 INFO waiting for api, crawler, embedder, frontend to die
2024-06-03 13:52:48,321 INFO stopped: frontend (exit status 0)
2024-06-03 13:52:48,329 WARN stopped: embedder (terminated by SIGTERM)
2024-06-03 13:52:49,010 WARN stopped: crawler (terminated by SIGTERM)
2024-06-03 13:52:49,747 INFO stopped: api (exit status 0)
2024-06-03 13:52:51,624 INFO supervisord started with pid 22934
2024-06-03 13:52:52,640 INFO spawned: 'api' with pid 22940
2024-06-03 13:52:52,649 INFO spawned: 'crawler' with pid 22941
2024-06-03 13:52:52,656 INFO spawned: 'embedder' with pid 22942
2024-06-03 13:52:52,663 INFO spawned: 'frontend' with pid 22943
2024-06-03 13:52:54,445 INFO success: api entered RUNNING state, process has stayed up for > than 1 seconds (startsecs)
2024-06-03 13:52:54,445 INFO success: crawler entered RUNNING state, process has stayed up for > than 1 seconds (startsecs)
2024-06-03 13:52:54,445 INFO success: embedder entered RUNNING state, process has stayed up for > than 1 seconds (startsecs)
2024-06-03 13:52:54,445 INFO success: frontend entered RUNNING state, process has stayed up for > than 1 seconds (startsecs)
2024-06-03 14:00:40,128 WARN received SIGINT indicating exit request
2024-06-03 14:00:40,133 INFO waiting for api, crawler, embedder, frontend to die
2024-06-03 14:00:40,155 INFO stopped: frontend (exit status 0)
2024-06-03 14:00:40,165 WARN stopped: embedder (terminated by SIGTERM)
2024-06-03 14:00:40,405 WARN stopped: crawler (terminated by SIGTERM)
2024-06-03 14:00:41,040 INFO stopped: api (exit status 0)
2024-06-03 14:00:42,022 INFO supervisord started with pid 24704
2024-06-03 14:00:43,029 INFO spawned: 'api' with pid 24707
2024-06-03 14:00:43,035 INFO spawned: 'crawler' with pid 24708
2024-06-03 14:00:43,039 INFO spawned: 'embedder' with pid 24709
2024-06-03 14:00:43,046 INFO spawned: 'frontend' with pid 24710
2024-06-03 14:00:44,877 INFO success: api entered RUNNING state, process has stayed up for > than 1 seconds (startsecs)
2024-06-03 14:00:44,878 INFO success: crawler entered RUNNING state, process has stayed up for > than 1 seconds (startsecs)
2024-06-03 14:00:44,878 INFO success: embedder entered RUNNING state, process has stayed up for > than 1 seconds (startsecs)
2024-06-03 14:00:44,878 INFO success: frontend entered RUNNING state, process has stayed up for > than 1 seconds (startsecs)
2024-06-03 14:01:21,938 WARN received SIGINT indicating exit request
2024-06-03 14:01:21,942 INFO waiting for api, crawler, embedder, frontend to die
2024-06-03 14:01:21,963 INFO stopped: frontend (exit status 0)
2024-06-03 14:01:21,971 WARN stopped: embedder (terminated by SIGTERM)
2024-06-03 14:01:21,983 WARN stopped: crawler (terminated by SIGTERM)
2024-06-03 14:01:22,620 INFO stopped: api (exit status 0)
2024-06-03 14:01:23,613 INFO supervisord started with pid 24985
2024-06-03 14:01:24,623 INFO spawned: 'api' with pid 24997
2024-06-03 14:01:24,630 INFO spawned: 'crawler' with pid 24998
2024-06-03 14:01:24,635 INFO spawned: 'embedder' with pid 24999
2024-06-03 14:01:24,640 INFO spawned: 'frontend' with pid 25000
2024-06-03 14:01:26,462 INFO success: api entered RUNNING state, process has stayed up for > than 1 seconds (startsecs)
2024-06-03 14:01:26,462 INFO success: crawler entered RUNNING state, process has stayed up for > than 1 seconds (startsecs)
2024-06-03 14:01:26,462 INFO success: embedder entered RUNNING state, process has stayed up for > than 1 seconds (startsecs)
2024-06-03 14:01:26,462 INFO success: frontend entered RUNNING state, process has stayed up for > than 1 seconds (startsecs)
2024-06-03 14:02:59,611 WARN received SIGINT indicating exit request
2024-06-03 14:02:59,615 INFO waiting for api, crawler, embedder, frontend to die
2024-06-03 14:02:59,637 INFO stopped: frontend (exit status 0)
2024-06-03 14:02:59,654 WARN stopped: embedder (terminated by SIGTERM)
2024-06-03 14:02:59,815 WARN stopped: crawler (terminated by SIGTERM)
2024-06-03 14:03:00,250 INFO stopped: api (exit status 0)
2024-06-03 14:03:01,240 INFO supervisord started with pid 25534
2024-06-03 14:03:02,251 INFO spawned: 'api' with pid 25540
2024-06-03 14:03:02,257 INFO spawned: 'crawler' with pid 25541
2024-06-03 14:03:02,262 INFO spawned: 'embedder' with pid 25542
2024-06-03 14:03:02,268 INFO spawned: 'frontend' with pid 25543
2024-06-03 14:03:04,159 INFO success: api entered RUNNING state, process has stayed up for > than 1 seconds (startsecs)
2024-06-03 14:03:04,160 INFO success: crawler entered RUNNING state, process has stayed up for > than 1 seconds (startsecs)
2024-06-03 14:03:04,160 INFO success: embedder entered RUNNING state, process has stayed up for > than 1 seconds (startsecs)
2024-06-03 14:03:04,160 INFO success: frontend entered RUNNING state, process has stayed up for > than 1 seconds (startsecs)
2024-06-03 14:04:35,314 WARN received SIGINT indicating exit request
2024-06-03 14:04:35,315 INFO waiting for api, crawler, embedder, frontend to die
2024-06-03 14:04:35,325 INFO stopped: frontend (exit status 0)
2024-06-03 14:04:35,332 WARN stopped: embedder (terminated by SIGTERM)
2024-06-03 14:04:36,334 WARN stopped: crawler (terminated by SIGTERM)
2024-06-03 14:04:36,980 INFO stopped: api (exit status 0)
